#! /c/Source/iverilog-install/bin/vvp
:ivl_version "12.0 (devel)" "(s20150603-1539-g2693dd32b)";
:ivl_delay_selection "TYPICAL";
:vpi_time_precision - 12;
:vpi_module "C:\Users\alial\scoop\apps\iverilog\current\lib\ivl\system.vpi";
:vpi_module "C:\Users\alial\scoop\apps\iverilog\current\lib\ivl\vhdl_sys.vpi";
:vpi_module "C:\Users\alial\scoop\apps\iverilog\current\lib\ivl\vhdl_textio.vpi";
:vpi_module "C:\Users\alial\scoop\apps\iverilog\current\lib\ivl\v2005_math.vpi";
:vpi_module "C:\Users\alial\scoop\apps\iverilog\current\lib\ivl\va_math.vpi";
S_0000022a5b98bdc0 .scope module, "cpu_fetch_tb" "cpu_fetch_tb" 2 3;
 .timescale -9 -12;
v0000022a5b997e90_0 .var "clk", 0 0;
v0000022a5b998110_0 .net "instr", 31 0, L_0000022a5b98b3a0;  1 drivers
v0000022a5b998570_0 .net "pc_out", 31 0, v0000022a5b9668c0_0;  1 drivers
v0000022a5b9986b0_0 .var "reset", 0 0;
S_0000022a5b99a310 .scope module, "uut" "cpu_fetch" 2 8, 3 1 0, S_0000022a5b98bdc0;
 .timescale 0 0;
    .port_info 0 /INPUT 1 "clk";
    .port_info 1 /INPUT 1 "reset";
    .port_info 2 /OUTPUT 32 "instr";
    .port_info 3 /OUTPUT 32 "pc_out";
L_0000022a5b9e8090 .functor BUFT 1, C4<00000000000000000000000000000100>, C4<0>, C4<0>, C4<0>;
v0000022a5b966a00_0 .net/2u *"_ivl_0", 31 0, L_0000022a5b9e8090;  1 drivers
v0000022a5b997df0_0 .net "clk", 0 0, v0000022a5b997e90_0;  1 drivers
v0000022a5b998890_0 .net "instr", 31 0, L_0000022a5b98b3a0;  alias, 1 drivers
v0000022a5b9987f0_0 .net "next_pc", 31 0, L_0000022a5b997a30;  1 drivers
v0000022a5b997b70_0 .net "pc_out", 31 0, v0000022a5b9668c0_0;  alias, 1 drivers
v0000022a5b998390_0 .net "reset", 0 0, v0000022a5b9986b0_0;  1 drivers
L_0000022a5b997a30 .arith/sum 32, v0000022a5b9668c0_0, L_0000022a5b9e8090;
S_0000022a5b99a4a0 .scope module, "imem" "instr_mem" 3 18, 4 1 0, S_0000022a5b99a310;
 .timescale 0 0;
    .port_info 0 /INPUT 32 "addr";
    .port_info 1 /OUTPUT 32 "instr";
L_0000022a5b98b3a0 .functor BUFZ 32, L_0000022a5b998930, C4<00000000000000000000000000000000>, C4<00000000000000000000000000000000>, C4<00000000000000000000000000000000>;
v0000022a5b966de0_0 .net *"_ivl_0", 31 0, L_0000022a5b998930;  1 drivers
v0000022a5b99a630_0 .net *"_ivl_3", 7 0, L_0000022a5b9982f0;  1 drivers
v0000022a5b99a6d0_0 .net *"_ivl_4", 9 0, L_0000022a5b997cb0;  1 drivers
L_0000022a5b9e8048 .functor BUFT 1, C4<00>, C4<0>, C4<0>, C4<0>;
v0000022a5b99b830_0 .net *"_ivl_7", 1 0, L_0000022a5b9e8048;  1 drivers
v0000022a5b99b8d0_0 .net "addr", 31 0, v0000022a5b9668c0_0;  alias, 1 drivers
v0000022a5b99b970_0 .net "instr", 31 0, L_0000022a5b98b3a0;  alias, 1 drivers
v0000022a5b99ba10 .array "mem", 255 0, 31 0;
L_0000022a5b998930 .array/port v0000022a5b99ba10, L_0000022a5b997cb0;
L_0000022a5b9982f0 .part v0000022a5b9668c0_0, 2, 8;
L_0000022a5b997cb0 .concat [ 8 2 0 0], L_0000022a5b9982f0, L_0000022a5b9e8048;
S_0000022a5b99bab0 .scope module, "pc_inst" "pc" 3 10, 5 1 0, S_0000022a5b99a310;
 .timescale 0 0;
    .port_info 0 /INPUT 1 "clk";
    .port_info 1 /INPUT 1 "reset";
    .port_info 2 /INPUT 32 "next_pc";
    .port_info 3 /OUTPUT 32 "pc_out";
v0000022a5b966780_0 .net "clk", 0 0, v0000022a5b997e90_0;  alias, 1 drivers
v0000022a5b966820_0 .net "next_pc", 31 0, L_0000022a5b997a30;  alias, 1 drivers
v0000022a5b9668c0_0 .var "pc_out", 31 0;
v0000022a5b966960_0 .net "reset", 0 0, v0000022a5b9986b0_0;  alias, 1 drivers
E_0000022a5b99caa0 .event posedge, v0000022a5b966960_0, v0000022a5b966780_0;
    .scope S_0000022a5b99bab0;
T_0 ;
    %wait E_0000022a5b99caa0;
    %load/vec4 v0000022a5b966960_0;
    %flag_set/vec4 8;
    %jmp/0xz  T_0.0, 8;
    %pushi/vec4 0, 0, 32;
    %assign/vec4 v0000022a5b9668c0_0, 0;
    %jmp T_0.1;
T_0.0 ;
    %load/vec4 v0000022a5b966820_0;
    %assign/vec4 v0000022a5b9668c0_0, 0;
T_0.1 ;
    %jmp T_0;
    .thread T_0;
    .scope S_0000022a5b99a4a0;
T_1 ;
    %vpi_call 4 8 "$readmemh", "program.mem", v0000022a5b99ba10 {0 0 0};
    %end;
    .thread T_1;
    .scope S_0000022a5b98bdc0;
T_2 ;
    %vpi_call 2 16 "$dumpfile", "sim/fetch.vcd" {0 0 0};
    %vpi_call 2 17 "$dumpvars", 32'sb00000000000000000000000000000000, S_0000022a5b98bdc0 {0 0 0};
    %pushi/vec4 0, 0, 1;
    %store/vec4 v0000022a5b997e90_0, 0, 1;
    %pushi/vec4 1, 0, 1;
    %store/vec4 v0000022a5b9986b0_0, 0, 1;
    %delay 10000, 0;
    %pushi/vec4 0, 0, 1;
    %store/vec4 v0000022a5b9986b0_0, 0, 1;
    %delay 100000, 0;
    %vpi_call 2 21 "$finish" {0 0 0};
    %end;
    .thread T_2;
    .scope S_0000022a5b98bdc0;
T_3 ;
    %delay 5000, 0;
    %load/vec4 v0000022a5b997e90_0;
    %inv;
    %store/vec4 v0000022a5b997e90_0, 0, 1;
    %jmp T_3;
    .thread T_3;
# The file index is used to find the file name in the following table.
:file_names 6;
    "N/A";
    "<interactive>";
    "testbench/cpu_fetch_tb.v";
    "src/cpu_fetch.v";
    "src/instr_mem.v";
    "src/pc.v";
