#! /c/Source/iverilog-install/bin/vvp
:ivl_version "12.0 (devel)" "(s20150603-1539-g2693dd32b)";
:ivl_delay_selection "TYPICAL";
:vpi_time_precision - 12;
:vpi_module "C:\Users\alial\scoop\apps\iverilog\current\lib\ivl\system.vpi";
:vpi_module "C:\Users\alial\scoop\apps\iverilog\current\lib\ivl\vhdl_sys.vpi";
:vpi_module "C:\Users\alial\scoop\apps\iverilog\current\lib\ivl\vhdl_textio.vpi";
:vpi_module "C:\Users\alial\scoop\apps\iverilog\current\lib\ivl\v2005_math.vpi";
:vpi_module "C:\Users\alial\scoop\apps\iverilog\current\lib\ivl\va_math.vpi";
S_00000240f65fa320 .scope module, "pc_tb" "pc_tb" 2 3;
 .timescale -9 -12;
v00000240f65fa640_0 .var "clk", 0 0;
v00000240f65fa6e0_0 .var "next_pc", 31 0;
v00000240f65f6b00_0 .net "pc_out", 31 0, v00000240f6729310_0;  1 drivers
v00000240f65f6ba0_0 .var "reset", 0 0;
S_00000240f65fa4b0 .scope module, "uut" "pc" 2 10, 3 1 0, S_00000240f65fa320;
 .timescale 0 0;
    .port_info 0 /INPUT 1 "clk";
    .port_info 1 /INPUT 1 "reset";
    .port_info 2 /INPUT 32 "next_pc";
    .port_info 3 /OUTPUT 32 "pc_out";
v00000240f65c6dc0_0 .net "clk", 0 0, v00000240f65fa640_0;  1 drivers
v00000240f672bef0_0 .net "next_pc", 31 0, v00000240f65fa6e0_0;  1 drivers
v00000240f6729310_0 .var "pc_out", 31 0;
v00000240f67293b0_0 .net "reset", 0 0, v00000240f65f6ba0_0;  1 drivers
E_00000240f672c9f0 .event posedge, v00000240f67293b0_0, v00000240f65c6dc0_0;
    .scope S_00000240f65fa4b0;
T_0 ;
    %wait E_00000240f672c9f0;
    %load/vec4 v00000240f67293b0_0;
    %flag_set/vec4 8;
    %jmp/0xz  T_0.0, 8;
    %pushi/vec4 0, 0, 32;
    %assign/vec4 v00000240f6729310_0, 0;
    %jmp T_0.1;
T_0.0 ;
    %load/vec4 v00000240f672bef0_0;
    %assign/vec4 v00000240f6729310_0, 0;
T_0.1 ;
    %jmp T_0;
    .thread T_0;
    .scope S_00000240f65fa320;
T_1 ;
    %vpi_call 2 18 "$dumpfile", "sim/pc.vcd" {0 0 0};
    %vpi_call 2 19 "$dumpvars", 32'sb00000000000000000000000000000000, S_00000240f65fa320 {0 0 0};
    %pushi/vec4 0, 0, 1;
    %store/vec4 v00000240f65fa640_0, 0, 1;
    %pushi/vec4 1, 0, 1;
    %store/vec4 v00000240f65f6ba0_0, 0, 1;
    %pushi/vec4 0, 0, 32;
    %store/vec4 v00000240f65fa6e0_0, 0, 32;
    %delay 10000, 0;
    %pushi/vec4 0, 0, 1;
    %store/vec4 v00000240f65f6ba0_0, 0, 1;
    %pushi/vec4 4, 0, 32;
    %store/vec4 v00000240f65fa6e0_0, 0, 32;
    %delay 10000, 0;
    %pushi/vec4 8, 0, 32;
    %store/vec4 v00000240f65fa6e0_0, 0, 32;
    %delay 10000, 0;
    %pushi/vec4 12, 0, 32;
    %store/vec4 v00000240f65fa6e0_0, 0, 32;
    %delay 10000, 0;
    %vpi_call 2 25 "$finish" {0 0 0};
    %end;
    .thread T_1;
    .scope S_00000240f65fa320;
T_2 ;
    %delay 5000, 0;
    %load/vec4 v00000240f65fa640_0;
    %inv;
    %store/vec4 v00000240f65fa640_0, 0, 1;
    %jmp T_2;
    .thread T_2;
# The file index is used to find the file name in the following table.
:file_names 4;
    "N/A";
    "<interactive>";
    "testbench/pc_tb.v";
    "src/pc.v";
